--- Startup times for process: Primary (or UI client) ---

times in msec
 clock   self+sourced   self:  sourced script
 clock   elapsed:              other lines

000.001  000.001: --- NVIM STARTING ---
000.406  000.404: event init
000.687  000.282: early init
001.325  000.638: locale set
001.600  000.274: init first window
002.691  001.091: inits 1
002.707  000.016: window checked
002.713  000.006: parsing arguments
003.763  000.120  000.120: require('vim.shared')
003.923  000.063  000.063: require('vim.inspect')
003.999  000.063  000.063: require('vim._options')
004.002  000.231  000.105: require('vim._editor')
004.004  000.398  000.048: require('vim._init_packages')
004.007  000.896: init lua interpreter
007.648  003.640: nvim_ui_attach
008.920  001.272: nvim_set_client_info
008.929  000.009: --- NVIM STARTED ---

--- Startup times for process: Embedded ---

times in msec
 clock   self+sourced   self:  sourced script
 clock   elapsed:              other lines

000.001  000.001: --- NVIM STARTING ---
000.435  000.434: event init
000.671  000.236: early init
001.227  000.556: locale set
001.332  000.105: init first window
002.341  001.008: inits 1
002.388  000.047: window checked
002.396  000.009: parsing arguments
003.379  000.067  000.067: require('vim.shared')
003.606  000.117  000.117: require('vim.inspect')
003.701  000.080  000.080: require('vim._options')
003.708  000.322  000.125: require('vim._editor')
003.710  000.437  000.048: require('vim._init_packages')
003.714  000.881: init lua interpreter
004.155  000.440: expanding arguments
004.207  000.052: inits 2
005.120  000.912: init highlight
005.125  000.005: waiting for UI
005.664  000.539: done waiting for UI
005.698  000.035: clear screen
006.284  000.056  000.056: require('vim.keymap')
008.462  000.366  000.366: sourcing nvim_exec2()
024.315  015.656  015.656: require('vim.termcap')
024.492  000.084  000.084: require('vim.text')
024.912  019.201  003.039: require('vim._defaults')
024.920  000.020: init default mappings & autocommands
027.100  000.152  000.152: sourcing /usr/share/nvim/runtime/ftplugin.vim
028.092  000.098  000.098: sourcing /usr/share/nvim/runtime/indent.vim
077.368  036.051  036.051: require('config.lazy')
078.035  000.636  000.636: require('lazy')
078.172  000.051  000.051: require('ffi')
078.344  000.088  000.088: require('vim.fs')
088.646  010.289  010.289: require('vim.uri')
088.801  010.617  000.240: require('vim.loader')
089.998  001.032  001.032: require('lazy.stats')
090.613  000.474  000.474: require('lazy.core.util')
091.329  000.705  000.705: require('lazy.core.config')
093.032  000.556  000.556: require('lazy.core.handler')
094.768  000.531  000.531: require('lazy.pkg')
094.800  001.324  000.793: require('lazy.core.meta')
094.846  001.799  000.475: require('lazy.core.plugin')
094.874  003.523  001.168: require('lazy.core.loader')
097.008  000.754  000.754: require('lazy.core.fragments')
428.283  014.039  014.039: require('chadrc')
1204.023  000.422  000.422: require('lazy.core.handler.event')
1204.124  000.939  000.517: require('lazy.core.handler.ft')
1204.427  000.284  000.284: require('lazy.core.handler.cmd')
1204.916  000.474  000.474: require('lazy.core.handler.keys')
1205.201  000.031  000.031: sourcing nvim_exec2() called at /mnt/c/Users/Mouhsen/AppData/Local/nvim/init.lua:0
1205.272  000.008  000.008: sourcing nvim_exec2() called at /mnt/c/Users/Mouhsen/AppData/Local/nvim/init.lua:0
1205.743  000.012  000.012: sourcing nvim_exec2() called at /mnt/c/Users/Mouhsen/AppData/Local/nvim/init.lua:0
1205.825  000.007  000.007: sourcing nvim_exec2() called at /mnt/c/Users/Mouhsen/AppData/Local/nvim/init.lua:0
1207.986  000.017  000.017: sourcing nvim_exec2() called at /mnt/c/Users/Mouhsen/AppData/Local/nvim/init.lua:0
1208.072  000.007  000.007: sourcing nvim_exec2() called at /mnt/c/Users/Mouhsen/AppData/Local/nvim/init.lua:0
1215.397  005.583  005.583: sourcing nvim_exec2() called at /usr/share/nvim/runtime/filetype.lua:0
1215.426  006.115  000.532: sourcing /usr/share/nvim/runtime/filetype.lua
1215.448  006.276  000.161: sourcing nvim_exec2() called at /mnt/c/Users/Mouhsen/AppData/Local/nvim/init.lua:0
1217.047  000.869  000.869: sourcing /home/ubuntu/.local/share/nvim/lazy/vim-startuptime/plugin/startuptime.vim
1217.071  001.000  000.132: sourcing nvim_exec2() called at /mnt/c/Users/Mouhsen/AppData/Local/nvim/init.lua:0
1217.104  000.008  000.008: sourcing nvim_exec2() called at /mnt/c/Users/Mouhsen/AppData/Local/nvim/init.lua:0
1217.186  000.006  000.006: sourcing nvim_exec2() called at /mnt/c/Users/Mouhsen/AppData/Local/nvim/init.lua:0
1222.221  004.157  004.157: require('startuptime')
1224.170  000.026  000.026: sourcing nvim_exec2() called at /mnt/c/Users/Mouhsen/AppData/Local/nvim/init.lua:0
1224.219  000.006  000.006: sourcing nvim_exec2() called at /mnt/c/Users/Mouhsen/AppData/Local/nvim/init.lua:0
1228.982  000.645  000.645: require('nvconfig')
1229.318  000.293  000.293: require('nvchad.stl.utils')
1229.789  000.343  000.343: require('nvchad.tabufline.lazyload')
1229.818  005.581  004.301: require('nvchad')
1232.092  000.310  000.310: sourcing /usr/share/nvim/runtime/plugin/editorconfig.lua
1232.123  000.470  000.160: sourcing nvim_exec2() called at /mnt/c/Users/Mouhsen/AppData/Local/nvim/init.lua:0
1232.423  000.192  000.192: sourcing /usr/share/nvim/runtime/plugin/man.lua
1232.444  000.290  000.098: sourcing nvim_exec2() called at /mnt/c/Users/Mouhsen/AppData/Local/nvim/init.lua:0
1233.070  000.516  000.516: sourcing /usr/share/nvim/runtime/plugin/matchparen.vim
1233.090  000.620  000.104: sourcing nvim_exec2() called at /mnt/c/Users/Mouhsen/AppData/Local/nvim/init.lua:0
1233.501  000.282  000.282: sourcing /usr/share/nvim/runtime/plugin/osc52.lua
1233.524  000.404  000.122: sourcing nvim_exec2() called at /mnt/c/Users/Mouhsen/AppData/Local/nvim/init.lua:0
1233.982  000.228  000.228: sourcing /usr/share/nvim/runtime/plugin/shada.vim
1234.003  000.342  000.115: sourcing nvim_exec2() called at /mnt/c/Users/Mouhsen/AppData/Local/nvim/init.lua:0
1234.208  000.073  000.073: sourcing /usr/share/nvim/runtime/plugin/spellfile.vim
1234.225  000.194  000.121: sourcing nvim_exec2() called at /mnt/c/Users/Mouhsen/AppData/Local/nvim/init.lua:0
1248.525  012.511  012.511: require('config.options')
1261.806  000.280  000.280: require('vim.lsp.log')
1263.146  001.318  001.318: require('vim.lsp.protocol')
1264.375  001.211  001.211: require('vim.lsp.util')
1265.168  000.398  000.398: require('vim.lsp.sync')
1265.203  000.810  000.413: require('vim.lsp._changetracking')
1266.316  000.571  000.571: require('vim.lsp._transport')
1277.672  011.308  011.308: require('vim._stringbuffer')
1277.710  012.495  000.616: require('vim.lsp.rpc')
1277.875  016.984  000.870: require('vim.lsp')
1279.346  000.302  000.302: require('vim.F')
1280.086  002.196  001.894: require('vim.lsp.buf')
1281.492  000.908  000.908: require('vim.diagnostic')
1282.829  034.280  014.192: require('config.keymaps')
1282.849  1246.824  1110.992: sourcing /home/ubuntu/.config/nvim/init.lua
1285.856  013.863: sourcing vimrc file(s)
1288.322  000.211  000.211: sourcing /usr/share/nvim/runtime/filetype.lua
1290.143  000.300  000.300: sourcing /usr/share/nvim/runtime/syntax/synload.vim
1290.637  002.129  001.829: sourcing /usr/share/nvim/runtime/syntax/syntax.vim
1290.696  002.499: inits 3
1295.803  005.108: reading ShaDa
1296.371  000.568: opening buffers
1296.444  000.072: BufEnter autocommands
1296.453  000.009: editing files in windows
1296.521  000.068: VimEnter autocommands
1297.044  000.523: UIEnter autocommands
1297.060  000.016: before starting main loop
1298.705  000.354  000.354: require('nvchad.stl.default')
1299.402  001.988: first screen update
1299.410  000.008: --- NVIM STARTED ---

--- Startup times for process: Primary (or UI client) ---

times in msec
 clock   self+sourced   self:  sourced script
 clock   elapsed:              other lines

000.001  000.001: --- NVIM STARTING ---
000.323  000.322: event init
000.515  000.193: early init
000.883  000.368: locale set
000.948  000.065: init first window
001.628  000.680: inits 1
001.652  000.024: window checked
001.657  000.005: parsing arguments
002.679  000.072  000.072: require('vim.shared')
002.832  000.063  000.063: require('vim.inspect')
002.906  000.062  000.062: require('vim._options')
002.910  000.224  000.099: require('vim._editor')
002.913  000.360  000.065: require('vim._init_packages')
002.916  000.898: init lua interpreter
006.161  003.245: nvim_ui_attach
006.920  000.759: nvim_set_client_info
006.926  000.006: --- NVIM STARTED ---

--- Startup times for process: Embedded ---

times in msec
 clock   self+sourced   self:  sourced script
 clock   elapsed:              other lines

000.001  000.001: --- NVIM STARTING ---
000.251  000.251: event init
000.462  000.211: early init
000.837  000.375: locale set
000.904  000.068: init first window
001.827  000.923: inits 1
001.863  000.036: window checked
001.870  000.007: parsing arguments
003.285  000.114  000.114: require('vim.shared')
003.512  000.096  000.096: require('vim.inspect')
003.630  000.093  000.093: require('vim._options')
003.637  000.339  000.150: require('vim._editor')
003.641  000.524  000.071: require('vim._init_packages')
003.647  001.253: init lua interpreter
003.792  000.145: expanding arguments
003.840  000.048: inits 2
004.732  000.892: init highlight
004.737  000.005: waiting for UI
005.174  000.437: done waiting for UI
005.206  000.033: clear screen
005.556  000.036  000.036: require('vim.keymap')
008.416  000.375  000.375: sourcing nvim_exec2()
026.342  017.688  017.688: require('vim.termcap')
026.447  000.046  000.046: require('vim.text')
026.808  021.593  003.447: require('vim._defaults')
026.816  000.016: init default mappings & autocommands
027.683  000.130  000.130: sourcing /usr/share/nvim/runtime/ftplugin.vim
028.512  000.129  000.129: sourcing /usr/share/nvim/runtime/indent.vim
073.998  030.695  030.695: require('config.lazy')
074.332  000.318  000.318: require('lazy')
074.477  000.069  000.069: require('ffi')
074.566  000.043  000.043: require('vim.fs')
080.528  005.955  005.955: require('vim.uri')
080.572  006.085  000.087: require('vim.loader')
080.959  000.345  000.345: require('lazy.stats')
081.189  000.191  000.191: require('lazy.core.util')
081.517  000.323  000.323: require('lazy.core.config')
082.251  000.383  000.383: require('lazy.core.handler')
083.231  000.281  000.281: require('lazy.pkg')
083.249  000.693  000.412: require('lazy.core.meta')
083.266  001.008  000.316: require('lazy.core.plugin')
083.289  001.765  000.374: require('lazy.core.loader')
084.130  000.333  000.333: require('lazy.core.fragments')
279.889  017.374  017.374: require('chadrc')
758.931  000.281  000.281: require('lazy.core.handler.event')
758.948  000.679  000.399: require('lazy.core.handler.ft')
759.175  000.216  000.216: require('lazy.core.handler.cmd')
759.551  000.367  000.367: require('lazy.core.handler.keys')
759.677  000.020  000.020: sourcing nvim_exec2() called at /mnt/c/Users/Mouhsen/AppData/Local/nvim/init.lua:0
759.714  000.004  000.004: sourcing nvim_exec2() called at /mnt/c/Users/Mouhsen/AppData/Local/nvim/init.lua:0
759.919  000.006  000.006: sourcing nvim_exec2() called at /mnt/c/Users/Mouhsen/AppData/Local/nvim/init.lua:0
759.949  000.003  000.003: sourcing nvim_exec2() called at /mnt/c/Users/Mouhsen/AppData/Local/nvim/init.lua:0
760.975  000.010  000.010: sourcing nvim_exec2() called at /mnt/c/Users/Mouhsen/AppData/Local/nvim/init.lua:0
761.025  000.004  000.004: sourcing nvim_exec2() called at /mnt/c/Users/Mouhsen/AppData/Local/nvim/init.lua:0
764.454  002.704  002.704: sourcing nvim_exec2() called at /usr/share/nvim/runtime/filetype.lua:0
764.471  002.989  000.285: sourcing /usr/share/nvim/runtime/filetype.lua
764.484  003.076  000.088: sourcing nvim_exec2() called at /mnt/c/Users/Mouhsen/AppData/Local/nvim/init.lua:0
764.763  000.007  000.007: sourcing nvim_exec2() called at /mnt/c/Users/Mouhsen/AppData/Local/nvim/init.lua:0
764.803  000.003  000.003: sourcing nvim_exec2() called at /mnt/c/Users/Mouhsen/AppData/Local/nvim/init.lua:0
767.728  000.527  000.527: require('nvconfig')
767.963  000.211  000.211: require('nvchad.stl.utils')
768.376  000.324  000.324: require('nvchad.tabufline.lazyload')
768.430  003.600  002.538: require('nvchad')
769.429  000.126  000.126: sourcing /usr/share/nvim/runtime/plugin/editorconfig.lua
769.445  000.230  000.104: sourcing nvim_exec2() called at /mnt/c/Users/Mouhsen/AppData/Local/nvim/init.lua:0
769.618  000.112  000.112: sourcing /usr/share/nvim/runtime/plugin/man.lua
769.629  000.170  000.058: sourcing nvim_exec2() called at /mnt/c/Users/Mouhsen/AppData/Local/nvim/init.lua:0
770.062  000.377  000.377: sourcing /usr/share/nvim/runtime/plugin/matchparen.vim
770.074  000.430  000.054: sourcing nvim_exec2() called at /mnt/c/Users/Mouhsen/AppData/Local/nvim/init.lua:0
770.256  000.111  000.111: sourcing /usr/share/nvim/runtime/plugin/osc52.lua
770.267  000.175  000.065: sourcing nvim_exec2() called at /mnt/c/Users/Mouhsen/AppData/Local/nvim/init.lua:0
770.450  000.125  000.125: sourcing /usr/share/nvim/runtime/plugin/shada.vim
770.459  000.179  000.054: sourcing nvim_exec2() called at /mnt/c/Users/Mouhsen/AppData/Local/nvim/init.lua:0
770.570  000.040  000.040: sourcing /usr/share/nvim/runtime/plugin/spellfile.vim
770.579  000.107  000.067: sourcing nvim_exec2() called at /mnt/c/Users/Mouhsen/AppData/Local/nvim/init.lua:0
777.816  005.968  005.968: require('config.options')
784.696  000.154  000.154: require('vim.lsp.log')
785.297  000.586  000.586: require('vim.lsp.protocol')
785.925  000.618  000.618: require('vim.lsp.util')
786.381  000.185  000.185: require('vim.lsp.sync')
786.401  000.401  000.216: require('vim.lsp._changetracking')
786.914  000.227  000.227: require('vim.lsp._transport')
793.030  006.061  006.061: require('vim._stringbuffer')
793.051  006.644  000.357: require('vim.lsp.rpc')
793.221  009.007  000.604: require('vim.lsp')
793.960  000.143  000.143: require('vim.F')
794.361  001.131  000.988: require('vim.lsp.buf')
795.643  000.924  000.924: require('vim.diagnostic')
796.233  018.403  007.341: require('config.keymaps')
796.243  758.361  667.207: sourcing /home/ubuntu/.config/nvim/init.lua
797.922  012.486: sourcing vimrc file(s)
799.451  000.216  000.216: sourcing /usr/share/nvim/runtime/filetype.lua
800.548  000.183  000.183: sourcing /usr/share/nvim/runtime/syntax/synload.vim
800.736  001.172  000.989: sourcing /usr/share/nvim/runtime/syntax/syntax.vim
800.768  001.458: inits 3
803.624  002.856: reading ShaDa
803.903  000.280: opening buffers
803.949  000.045: BufEnter autocommands
803.954  000.005: editing files in windows
803.997  000.043: VimEnter autocommands
804.229  000.232: UIEnter autocommands
804.235  000.006: before starting main loop
804.853  000.168  000.168: require('nvchad.stl.default')
805.359  000.956: first screen update
805.364  000.005: --- NVIM STARTED ---

--- Startup times for process: Primary (or UI client) ---

times in msec
 clock   self+sourced   self:  sourced script
 clock   elapsed:              other lines

000.001  000.001: --- NVIM STARTING ---
000.280  000.280: event init
000.430  000.150: early init
000.805  000.375: locale set
000.881  000.076: init first window
001.508  000.627: inits 1
001.522  000.013: window checked
002.402  000.881: parsing arguments
003.306  000.080  000.080: require('vim.shared')
003.455  000.063  000.063: require('vim.inspect')
003.528  000.061  000.061: require('vim._options')
003.532  000.219  000.095: require('vim._editor')
003.534  000.345  000.046: require('vim._init_packages')
003.537  000.790: init lua interpreter
006.918  003.381: nvim_ui_attach
008.613  001.695: nvim_set_client_info
008.625  000.012: --- NVIM STARTED ---

--- Startup times for process: Embedded ---

times in msec
 clock   self+sourced   self:  sourced script
 clock   elapsed:              other lines

000.001  000.001: --- NVIM STARTING ---
000.529  000.529: event init
000.794  000.265: early init
001.427  000.632: locale set
001.513  000.087: init first window
002.303  000.790: inits 1
002.361  000.058: window checked
003.146  000.786: parsing arguments
006.041  000.272  000.272: require('vim.shared')
006.435  000.177  000.177: require('vim.inspect')
006.784  000.169  000.169: require('vim._options')
006.800  000.741  000.395: require('vim._editor')
006.805  001.157  000.144: require('vim._init_packages')
006.814  002.510: init lua interpreter
007.175  000.361: expanding arguments
007.336  000.161: inits 2
008.484  001.148: init highlight
008.497  000.014: waiting for UI
009.342  000.845: done waiting for UI
009.377  000.035: clear screen
009.750  000.038  000.038: require('vim.keymap')
012.314  000.557  000.557: sourcing nvim_exec2()
043.031  030.378  030.378: require('vim.termcap')
043.220  000.082  000.082: require('vim.text')
043.834  034.446  003.391: require('vim._defaults')
043.848  000.025: init default mappings & autocommands
045.726  000.323  000.323: sourcing /usr/share/nvim/runtime/ftplugin.vim
047.848  000.212  000.212: sourcing /usr/share/nvim/runtime/indent.vim
124.390  052.354  052.354: require('config.lazy')
125.041  000.601  000.601: require('lazy')
125.180  000.048  000.048: require('ffi')
125.344  000.082  000.082: require('vim.fs')
135.706  010.347  010.347: require('vim.uri')
135.792  010.600  000.170: require('vim.loader')
136.471  000.597  000.597: require('lazy.stats')
137.064  000.514  000.514: require('lazy.core.util')
137.614  000.534  000.534: require('lazy.core.config')
138.357  000.245  000.245: require('lazy.core.handler')
139.810  000.560  000.560: require('lazy.pkg')
139.835  001.143  000.583: require('lazy.core.meta')
139.862  001.494  000.350: require('lazy.core.plugin')
139.905  002.277  000.538: require('lazy.core.loader')
141.488  000.401  000.401: require('lazy.core.fragments')
435.559  012.294  012.294: require('chadrc')
1190.872  000.367  000.367: require('lazy.core.handler.event')
1190.898  000.993  000.625: require('lazy.core.handler.ft')
1191.161  000.246  000.246: require('lazy.core.handler.cmd')
1191.643  000.428  000.428: require('lazy.core.handler.keys')
1192.003  000.035  000.035: sourcing nvim_exec2() called at /mnt/c/Users/Mouhsen/AppData/Local/nvim/init.lua:0
1192.085  000.008  000.008: sourcing nvim_exec2() called at /mnt/c/Users/Mouhsen/AppData/Local/nvim/init.lua:0
1192.465  000.011  000.011: sourcing nvim_exec2() called at /mnt/c/Users/Mouhsen/AppData/Local/nvim/init.lua:0
1192.527  000.007  000.007: sourcing nvim_exec2() called at /mnt/c/Users/Mouhsen/AppData/Local/nvim/init.lua:0
1194.159  000.016  000.016: sourcing nvim_exec2() called at /mnt/c/Users/Mouhsen/AppData/Local/nvim/init.lua:0
1194.269  000.007  000.007: sourcing nvim_exec2() called at /mnt/c/Users/Mouhsen/AppData/Local/nvim/init.lua:0
1199.950  004.320  004.320: sourcing nvim_exec2() called at /usr/share/nvim/runtime/filetype.lua:0
1199.982  004.729  000.409: sourcing /usr/share/nvim/runtime/filetype.lua
1200.003  004.870  000.142: sourcing nvim_exec2() called at /mnt/c/Users/Mouhsen/AppData/Local/nvim/init.lua:0
1200.359  000.014  000.014: sourcing nvim_exec2() called at /mnt/c/Users/Mouhsen/AppData/Local/nvim/init.lua:0
1200.395  000.005  000.005: sourcing nvim_exec2() called at /mnt/c/Users/Mouhsen/AppData/Local/nvim/init.lua:0
1206.030  000.996  000.996: require('nvconfig')
1206.491  000.407  000.407: require('nvchad.stl.utils')
1207.002  000.448  000.448: require('nvchad.tabufline.lazyload')
1207.037  006.624  004.773: require('nvchad')
1209.141  000.219  000.219: sourcing /usr/share/nvim/runtime/plugin/editorconfig.lua
1209.170  000.372  000.154: sourcing nvim_exec2() called at /mnt/c/Users/Mouhsen/AppData/Local/nvim/init.lua:0
1209.476  000.184  000.184: sourcing /usr/share/nvim/runtime/plugin/man.lua
1209.497  000.295  000.111: sourcing nvim_exec2() called at /mnt/c/Users/Mouhsen/AppData/Local/nvim/init.lua:0
1210.176  000.578  000.578: sourcing /usr/share/nvim/runtime/plugin/matchparen.vim
1210.195  000.669  000.091: sourcing nvim_exec2() called at /mnt/c/Users/Mouhsen/AppData/Local/nvim/init.lua:0
1210.589  000.273  000.273: sourcing /usr/share/nvim/runtime/plugin/osc52.lua
1210.611  000.386  000.113: sourcing nvim_exec2() called at /mnt/c/Users/Mouhsen/AppData/Local/nvim/init.lua:0
1211.072  000.221  000.221: sourcing /usr/share/nvim/runtime/plugin/shada.vim
1211.091  000.332  000.111: sourcing nvim_exec2() called at /mnt/c/Users/Mouhsen/AppData/Local/nvim/init.lua:0
1211.331  000.072  000.072: sourcing /usr/share/nvim/runtime/plugin/spellfile.vim
1211.348  000.193  000.122: sourcing nvim_exec2() called at /mnt/c/Users/Mouhsen/AppData/Local/nvim/init.lua:0
1223.090  010.162  010.162: require('config.options')
1234.672  000.399  000.399: require('vim.lsp.log')
1236.214  001.517  001.517: require('vim.lsp.protocol')
1237.767  001.518  001.518: require('vim.lsp.util')
1238.542  000.344  000.344: require('vim.lsp.sync')
1238.588  000.798  000.454: require('vim.lsp._changetracking')
1239.385  000.423  000.423: require('vim.lsp._transport')
1251.722  012.290  012.290: require('vim._stringbuffer')
1251.766  013.165  000.452: require('vim.lsp.rpc')
1251.932  018.406  001.008: require('vim.lsp')
1253.884  000.451  000.451: require('vim.F')
1254.833  002.885  002.434: require('vim.lsp.buf')
1256.163  000.799  000.799: require('vim.diagnostic')
1257.615  034.487  012.396: require('config.keymaps')
1257.637  1194.762  1054.383: sourcing /home/ubuntu/.config/nvim/init.lua
1260.145  021.000: sourcing vimrc file(s)
1262.464  000.198  000.198: sourcing /usr/share/nvim/runtime/filetype.lua
1264.379  000.447  000.447: sourcing /usr/share/nvim/runtime/syntax/synload.vim
1264.812  002.078  001.631: sourcing /usr/share/nvim/runtime/syntax/syntax.vim
1264.866  002.445: inits 3
1270.774  005.908: reading ShaDa
1323.929  000.029  000.029: sourcing nvim_exec2() called at BufReadPre Autocommands for "*":0
1323.984  000.006  000.006: sourcing nvim_exec2() called at BufReadPre Autocommands for "*":0
1327.289  000.032  000.032: sourcing nvim_exec2() called at BufReadPre Autocommands for "*":0
1327.406  000.017  000.017: sourcing nvim_exec2() called at BufReadPre Autocommands for "*":0
1331.266  000.377  000.377: require('mason-core.path')
1332.598  000.925  000.925: require('mason-core.functional')
1333.138  000.211  000.211: require('mason-core.functional.data')
1333.169  000.501  000.290: require('mason-core.functional.function')
1333.489  000.221  000.221: require('mason-core.functional.relation')
1333.739  000.211  000.211: require('mason-core.functional.logic')
1333.802  002.504  000.647: require('mason-core.platform')
1334.183  000.371  000.371: require('mason.settings')
1334.203  006.705  003.453: require('mason')
1334.862  000.236  000.236: require('mason-core.functional.list')
1335.043  000.164  000.164: require('mason-core.functional.string')
1335.264  000.991  000.591: require('mason.api.command')
1335.539  000.246  000.246: require('mason-registry.sources')
1345.670  000.039  000.039: sourcing nvim_exec2() called at BufReadPre Autocommands for "*":0
1345.812  000.014  000.014: sourcing nvim_exec2() called at BufReadPre Autocommands for "*":0
1351.683  004.991  004.991: require('vim.filetype')
1355.885  000.178  000.178: require('luasnip.util.types')
1355.911  000.507  000.330: require('luasnip.util.ext_opts')
1357.081  000.525  000.525: require('luasnip.util.lazy_table')
1357.467  000.364  000.364: require('luasnip.extras.filetype_functions')
1357.893  001.796  000.906: require('luasnip.default_config')
1357.921  002.004  000.208: require('luasnip.session')
1357.943  005.575  003.064: require('luasnip.config')
1359.950  001.001  001.001: require('luasnip.util.util')
1361.266  000.719  000.719: require('luasnip.nodes.key_indexer')
1362.185  000.897  000.897: require('luasnip.util.feedkeys')
1362.280  002.304  000.688: require('luasnip.nodes.util')
1363.302  000.324  000.324: require('luasnip.session.snippet_collection.source')
1373.439  000.528  000.528: require('luasnip.util.table')
1373.934  000.466  000.466: require('luasnip.util.auto_table')
1374.010  011.711  010.393: require('luasnip.session.snippet_collection')
1375.499  000.557  000.557: require('luasnip.util.select')
1375.983  000.463  000.463: require('luasnip.util.time')
1378.419  003.969  002.950: require('luasnip.util._builtin_vars')
1378.934  004.909  000.939: require('luasnip.util.environ')
1379.274  000.326  000.326: require('luasnip.util.extend_decorator')
1383.847  004.279  004.279: require('luasnip.util.path')
1385.774  001.203  001.203: require('luasnip.util.log')
1385.863  001.989  000.786: require('luasnip.loaders.util')
1386.517  000.636  000.636: require('luasnip.loaders.data')
1389.389  002.852  002.852: require('luasnip.loaders.fs_watchers')
1389.438  010.152  000.397: require('luasnip.loaders')
1389.635  031.649  001.246: require('luasnip')
1390.003  043.662  001.446: sourcing /home/ubuntu/.local/share/nvim/lazy/LuaSnip/plugin/luasnip.lua
1390.041  043.891  000.229: sourcing nvim_exec2() called at BufReadPre Autocommands for "*":0
1390.354  000.106  000.106: sourcing /home/ubuntu/.local/share/nvim/lazy/LuaSnip/plugin/luasnip.vim
1390.375  000.291  000.185: sourcing nvim_exec2() called at BufReadPre Autocommands for "*":0
1390.403  000.008  000.008: sourcing nvim_exec2() called at BufReadPre Autocommands for "*":0
1390.520  000.007  000.007: sourcing nvim_exec2() called at BufReadPre Autocommands for "*":0
1395.094  001.733  001.733: require('vim.health')
1395.140  002.495  000.762: require('vim.deprecated.health')
1396.403  000.470  000.470: require('vim.iter')
1398.089  000.222  000.222: require('luasnip.session.enqueueable_operations')
1399.201  000.212  000.212: require('luasnip.util.events')
1399.263  000.588  000.376: require('luasnip.nodes.node')
1399.664  000.390  000.390: require('luasnip.nodes.insertNode')
1399.962  000.282  000.282: require('luasnip.nodes.textNode')
1400.248  000.268  000.268: require('luasnip.util.mark')
1400.556  000.292  000.292: require('luasnip.util.pattern_tokenizer')
1401.022  000.446  000.446: require('luasnip.util.dict')
1413.003  011.734  011.734: require('luasnip.util.jsregexp')
1413.042  012.002  000.268: require('luasnip.nodes.util.trig_engines')
1413.189  014.855  000.586: require('luasnip.nodes.snippet')
1414.695  000.698  000.698: require('luasnip.util.parser.neovim_ast')
1415.041  000.322  000.322: require('luasnip.util.str')
1421.364  006.295  006.295: require('luasnip.util.jsregexp')
1421.891  000.500  000.500: require('luasnip.util.directed_graph')
1421.920  008.268  000.453: require('luasnip.util.parser.ast_utils')
1422.267  000.336  000.336: require('luasnip.nodes.functionNode')
1422.577  000.300  000.300: require('luasnip.nodes.choiceNode')
1422.831  000.245  000.245: require('luasnip.nodes.dynamicNode')
1423.028  000.187  000.187: require('luasnip.util.functions')
1423.050  009.851  000.515: require('luasnip.util.parser.ast_parser')
1423.450  000.393  000.393: require('luasnip.util.parser.neovim_parser')
1423.473  025.368  000.269: require('luasnip.util.parser')
1423.741  000.260  000.260: require('luasnip.nodes.snippetProxy')
1424.332  000.574  000.574: require('luasnip.util.jsonc')
1424.734  000.154  000.154: require('luasnip.nodes.duplicate')
1424.746  000.392  000.237: require('luasnip.loaders.snippet_cache')
1424.781  027.385  000.569: require('luasnip.loaders.from_vscode')
1444.022  003.655  003.655: require('luasnip.nodes.multiSnippet')
1657.288  000.033  000.033: sourcing nvim_exec2() called at BufReadPre Autocommands for "*":0
1657.353  000.007  000.007: sourcing nvim_exec2() called at BufReadPre Autocommands for "*":0
1660.836  000.178  000.178: require('nvim-autopairs._log')
1661.180  000.326  000.326: require('nvim-autopairs.utils')
1661.979  000.384  000.384: require('nvim-autopairs.conds')
1662.010  000.617  000.233: require('nvim-autopairs.rule')
1662.026  000.833  000.215: require('nvim-autopairs.rules.basic')
1662.109  004.702  003.364: require('nvim-autopairs')
1662.707  000.349  000.349: require('nvim-autopairs.fastwrap')
1667.517  001.250  001.250: require('vim.treesitter.language')
1667.903  000.349  000.349: require('vim.func')
1668.411  000.478  000.478: require('vim.func._memoize')
1668.587  003.310  001.233: require('vim.treesitter.query')
1668.899  000.302  000.302: require('vim.treesitter._range')
1668.990  004.728  001.116: require('vim.treesitter.languagetree')
1669.019  005.286  000.558: require('vim.treesitter')
1669.031  005.586  000.300: require('nvim-autopairs.ts-conds')
1669.038  005.832  000.246: require('nvim-autopairs.rules.ts_basic')
1669.536  000.492  000.492: require('vim.treesitter.highlighter')
1671.238  000.270  000.270: require('nvim-autopairs.completion.handlers')
1672.627  000.436  000.436: require('cmp.utils.debug')
1673.204  000.336  000.336: require('cmp.utils.char')
1673.237  000.595  000.260: require('cmp.utils.str')
1674.236  000.449  000.449: require('cmp.utils.misc')
1674.604  000.353  000.353: require('cmp.utils.buffer')
1674.941  000.323  000.323: require('cmp.utils.api')
1674.998  001.533  000.408: require('cmp.utils.keymap')
1675.023  001.780  000.247: require('cmp.utils.feedkeys')
1678.197  000.376  000.376: require('cmp.types.cmp')
1679.014  000.796  000.796: require('cmp.types.lsp')
1679.667  000.638  000.638: require('cmp.types.vim')
1679.698  002.797  000.986: require('cmp.types')
1679.757  003.992  001.195: require('cmp.config.mapping')
1680.217  000.453  000.453: require('cmp.utils.cache')
1682.001  001.149  001.149: require('cmp.config.compare')
1682.086  001.854  000.705: require('cmp.config.default')
1682.371  006.940  000.641: require('cmp.config')
1682.734  007.700  000.760: require('cmp.utils.async')
1683.527  000.356  000.356: require('cmp.utils.pattern')
1683.548  000.796  000.440: require('cmp.context')
1684.875  000.365  000.365: require('cmp.utils.snippet')
1685.149  000.258  000.258: require('cmp.matcher')
1685.190  001.164  000.541: require('cmp.entry')
1685.229  001.675  000.511: require('cmp.source')
1685.776  000.234  000.234: require('cmp.utils.event')
1686.656  000.326  000.326: require('cmp.utils.options')
1686.781  000.733  000.407: require('cmp.utils.window')
1687.153  001.360  000.627: require('cmp.view.docs_view')
1687.977  000.300  000.300: require('cmp.utils.autocmd')
1688.034  000.869  000.568: require('cmp.view.custom_entries_view')
1688.397  000.353  000.353: require('cmp.view.wildmenu_entries_view')
1688.710  000.300  000.300: require('cmp.view.native_entries_view')
1689.197  000.472  000.472: require('cmp.view.ghost_text_view')
1689.265  004.027  000.440: require('cmp.view')
1689.969  018.366  001.357: require('cmp.core')
1691.292  000.707  000.707: require('cmp.config.sources')
1691.536  000.215  000.215: require('cmp.config.window')
1691.770  020.519  001.231: require('cmp')
1691.791  021.104  000.315: require('nvim-autopairs.completion.cmp')
1695.917  003.279  003.279: require('cmp_nvim_lua')
1696.088  003.590  000.311: sourcing /home/ubuntu/.local/share/nvim/lazy/cmp-nvim-lua/after/plugin/cmp_nvim_lua.lua
1696.118  003.773  000.183: sourcing nvim_exec2() called at BufReadPre Autocommands for "*":0
1696.376  000.023  000.023: sourcing nvim_exec2() called at BufReadPre Autocommands for "*":0
1696.445  000.012  000.012: sourcing nvim_exec2() called at BufReadPre Autocommands for "*":0
1700.401  003.200  003.200: require('cmp_luasnip')
1700.647  003.850  000.651: sourcing /home/ubuntu/.local/share/nvim/lazy/cmp_luasnip/after/plugin/cmp_luasnip.lua
1700.678  004.072  000.222: sourcing nvim_exec2() called at BufReadPre Autocommands for "*":0
1701.075  000.019  000.019: sourcing nvim_exec2() called at BufReadPre Autocommands for "*":0
1701.121  000.005  000.005: sourcing nvim_exec2() called at BufReadPre Autocommands for "*":0
1706.119  000.237  000.237: require('cmp_buffer.timer')
1706.151  000.463  000.226: require('cmp_buffer.buffer')
1706.171  000.852  000.389: require('cmp_buffer.source')
1706.182  004.591  003.739: require('cmp_buffer')
1706.340  004.965  000.374: sourcing /home/ubuntu/.local/share/nvim/lazy/cmp-buffer/after/plugin/cmp_buffer.lua
1707.921  006.685  001.720: sourcing nvim_exec2() called at BufReadPre Autocommands for "*":0
1708.325  000.024  000.024: sourcing nvim_exec2() called at BufReadPre Autocommands for "*":0
1708.372  000.005  000.005: sourcing nvim_exec2() called at BufReadPre Autocommands for "*":0
1712.643  003.852  003.852: require('cmp_async_path')
1712.962  004.324  000.471: sourcing /home/ubuntu/.local/share/nvim/lazy/cmp-async-path/after/plugin/cmp_async_path.lua
1713.002  004.496  000.173: sourcing nvim_exec2() called at BufReadPre Autocommands for "*":0
1713.293  000.023  000.023: sourcing nvim_exec2() called at BufReadPre Autocommands for "*":0
1713.343  000.007  000.007: sourcing nvim_exec2() called at BufReadPre Autocommands for "*":0
1717.721  003.682  003.682: require('cmp_calc')
1718.000  004.263  000.581: sourcing /home/ubuntu/.local/share/nvim/lazy/cmp-calc/after/plugin/cmp_calc.lua
1718.031  004.479  000.216: sourcing nvim_exec2() called at BufReadPre Autocommands for "*":0
1718.756  000.186  000.186: require('cmp.utils.highlight')
1719.715  000.025  000.025: sourcing nvim_exec2() called at /home/ubuntu/.local/share/nvim/lazy/nvim-cmp/plugin/cmp.lua:0
1719.731  001.386  001.175: sourcing /home/ubuntu/.local/share/nvim/lazy/nvim-cmp/plugin/cmp.lua
1719.753  001.560  000.174: sourcing nvim_exec2() called at BufReadPre Autocommands for "*":0
1719.876  000.018  000.018: sourcing nvim_exec2() called at BufReadPre Autocommands for "*":0
1720.039  000.022  000.022: sourcing nvim_exec2() called at BufReadPre Autocommands for "*":0
1721.945  000.017  000.017: sourcing nvim_exec2() called at BufReadPre Autocommands for "*":0
1722.000  000.005  000.005: sourcing nvim_exec2() called at BufReadPre Autocommands for "*":0
1722.788  000.171  000.171: require('cmp_nvim_lsp.source')
1722.804  000.387  000.216: require('cmp_nvim_lsp')
1722.852  000.594  000.206: sourcing /home/ubuntu/.local/share/nvim/lazy/cmp-nvim-lsp/after/plugin/cmp_nvim_lsp.lua
1722.871  000.744  000.150: sourcing nvim_exec2() called at BufReadPre Autocommands for "*":0
1724.575  000.878  000.878: require('lspconfig.util')
1724.721  001.309  000.431: sourcing /home/ubuntu/.local/share/nvim/lazy/nvim-lspconfig/plugin/lspconfig.lua
1724.766  001.490  000.181: sourcing nvim_exec2() called at BufReadPre Autocommands for "*":0
1724.828  000.020  000.020: sourcing nvim_exec2() called at BufReadPre Autocommands for "*":0
1724.961  000.022  000.022: sourcing nvim_exec2() called at BufReadPre Autocommands for "*":0
1726.380  000.319  000.319: require('mason-core.log')
1726.892  000.497  000.497: require('mason-lspconfig.settings')
1727.007  001.457  000.641: require('mason-lspconfig')
1727.454  000.184  000.184: require('mason-lspconfig.notify')
1727.487  000.460  000.276: require('mason-lspconfig.lspconfig_hook')
1728.636  000.570  000.570: require('mason-core.functional.table')
1728.761  001.264  000.694: require('mason-lspconfig.mappings.server')
1729.316  000.283  000.283: require('mason-core.EventEmitter')
1729.477  000.149  000.149: require('mason-core.optional')
1729.820  000.179  000.179: require('mason-core.async')
1730.040  000.210  000.210: require('mason-core.async.uv')
1730.067  000.581  000.192: require('mason-core.fs')
1730.151  001.366  000.353: require('mason-registry')
1730.322  000.161  000.161: require('mason-lspconfig.server_config_extensions')
1730.641  000.131  000.131: require('lspconfig.async')
1730.652  000.321  000.190: require('lspconfig.configs')
1730.830  000.172  000.172: require('lspconfig.configs.omnisharp')
1731.567  000.131  000.131: require('mason-core.functional.number')
1731.650  000.417  000.286: require('mason-lspconfig.api.command')
1736.775  000.352  000.352: sourcing /home/ubuntu/.local/share/nvim/lazy/plenary.nvim/plugin/plenary.vim
1736.815  000.597  000.246: sourcing nvim_exec2() called at BufReadPre Autocommands for "*":0
1736.873  000.017  000.017: sourcing nvim_exec2() called at BufReadPre Autocommands for "*":0
1737.037  000.018  000.018: sourcing nvim_exec2() called at BufReadPre Autocommands for "*":0
1737.188  000.018  000.018: sourcing nvim_exec2() called at BufReadPre Autocommands for "*":0
1737.264  000.011  000.011: sourcing nvim_exec2() called at BufReadPre Autocommands for "*":0
1737.833  006.176  005.514: require('nvchad.configs.lspconfig')
1738.663  000.444  000.444: require('nvchad.lsp')
1738.989  000.288  000.288: require('lspconfig')
1739.205  000.201  000.201: require('lspconfig.configs.lua_ls')
1748.554  000.321  000.321: require('lspconfig.manager')
1760.909  011.638  011.638: require('config.lsp.lua_ls')
1795.043  000.348  000.348: require('lspconfig.configs.ruff')
1805.072  000.420  000.420: sourcing /home/ubuntu/.local/share/nvim/lazy/nvim-dap/plugin/dap.lua
1805.107  000.640  000.220: sourcing nvim_exec2() called at BufReadPre Autocommands for "*":0
1805.156  000.014  000.014: sourcing nvim_exec2() called at BufReadPre Autocommands for "*":0
1805.208  000.006  000.006: sourcing nvim_exec2() called at BufReadPre Autocommands for "*":0
1808.987  000.028  000.028: sourcing nvim_exec2() called at BufReadPre Autocommands for "*":0
1809.044  000.007  000.007: sourcing nvim_exec2() called at BufReadPre Autocommands for "*":0
1813.454  000.037  000.037: sourcing nvim_exec2() called at BufReadPre Autocommands for "*":0
1813.545  000.014  000.014: sourcing nvim_exec2() called at BufReadPre Autocommands for "*":0
1818.990  000.465  000.465: require('dap.utils')
1819.404  001.949  001.484: require('dap')
1819.464  005.669  003.720: require('nvim-dap-virtual-text')
1819.608  000.068  000.068: sourcing nvim_exec2() called at BufReadPre Autocommands for "*":0
1819.864  000.223  000.223: sourcing nvim_exec2() called at BufReadPre Autocommands for "*":0
1820.058  000.022  000.022: sourcing nvim_exec2() called at BufReadPre Autocommands for "*":0
1820.141  000.013  000.013: sourcing nvim_exec2() called at BufReadPre Autocommands for "*":0
1821.180  000.313  000.313: require('nio.tasks')
1821.496  000.297  000.297: require('nio.control')
1823.079  001.568  001.568: require('nio.uv')
1823.488  000.380  000.380: require('nio.tests')
1824.110  000.386  000.386: require('vim.ui')
1824.140  000.636  000.250: require('nio.ui')
1824.512  000.181  000.181: require('nio.streams')
1824.522  000.375  000.195: require('nio.file')
1825.096  000.154  000.154: require('nio.util')
1825.444  000.695  000.541: require('nio.logger')
1825.468  000.940  000.245: require('nio.lsp')
1825.682  000.208  000.208: require('nio.process')
1825.721  005.082  000.364: require('nio')
1826.897  000.087  000.087: sourcing nvim_exec2() called at BufReadPre Autocommands for "*":0
1826.916  000.304  000.217: require('dapui.config.highlights')
1827.119  000.187  000.187: sourcing nvim_exec2() called at BufReadPre Autocommands for "*":0
1827.442  001.192  000.701: require('dapui.config')
1827.473  001.505  000.313: require('dapui.util')
1827.855  000.376  000.376: require('dapui.windows.layout')
1827.880  002.151  000.270: require('dapui.windows')
1828.216  000.330  000.330: require('dapui.controls')
1828.240  007.964  000.401: require('dapui')
1828.577  000.113  000.113: sourcing nvim_exec2() called at BufReadPre Autocommands for "*":0
1829.671  000.582  000.582: require('dapui.client.types')
1829.694  000.989  000.407: require('dapui.client')
1830.186  000.483  000.483: require('dap.breakpoints')
1830.530  000.301  000.301: require('dapui.client.lib')
1831.202  000.393  000.393: require('dapui.render.canvas')
1831.214  000.607  000.214: require('dapui.elements.breakpoints')
1831.650  000.371  000.371: require('dapui.components.breakpoints')
1832.055  000.229  000.229: require('dapui.elements.repl')
1832.262  000.190  000.190: require('dapui.elements.scopes')
1832.702  000.328  000.328: require('dapui.components.scopes')
1832.978  000.266  000.266: require('dapui.components.variables')
1833.258  000.194  000.194: require('dapui.elements.stacks')
1833.884  000.226  000.226: require('dapui.components.frames')
1833.899  000.547  000.321: require('dapui.components.threads')
1834.192  000.195  000.195: require('dapui.elements.watches')
1836.046  000.399  000.399: require('dapui.components.watches')
1836.595  000.429  000.429: require('dapui.elements.hover')
1837.045  000.370  000.370: require('dapui.components.hover')
1837.366  000.293  000.293: require('dapui.elements.console')
1898.608  000.711  000.711: require('nvim-treesitter.utils')
1904.448  005.819  005.819: require('nvim-treesitter.parsers')
1906.150  000.419  000.419: require('nvim-treesitter.compat')
1906.845  000.397  000.397: require('nvim-treesitter.ts_utils')
1906.872  000.706  000.309: require('nvim-treesitter.tsrange')
1907.644  000.766  000.766: require('nvim-treesitter.caching')
1907.735  002.421  000.530: require('nvim-treesitter.query')
1907.978  003.116  000.695: require('nvim-treesitter.configs')
1908.028  003.556  000.440: require('nvim-treesitter.info')
1908.969  000.935  000.935: require('nvim-treesitter.shell_command_selectors')
1909.371  012.136  001.115: require('nvim-treesitter.install')
1909.846  000.458  000.458: require('nvim-treesitter.statusline')
1910.607  000.751  000.751: require('nvim-treesitter.query_predicates')
1910.621  016.633  003.289: require('nvim-treesitter')
1912.310  018.567  001.934: sourcing /home/ubuntu/.local/share/nvim/lazy/nvim-treesitter/plugin/nvim-treesitter.lua
1912.347  018.744  000.176: sourcing nvim_exec2() called at BufReadPost Autocommands for "*":0
1912.391  000.012  000.012: sourcing nvim_exec2() called at BufReadPost Autocommands for "*":0
1912.474  000.007  000.007: sourcing nvim_exec2() called at BufReadPost Autocommands for "*":0
1924.757  000.716  000.716: require('nvim-treesitter.highlight')
1925.944  000.898  000.898: require('nvim-treesitter.indent')
1928.627  000.772  000.772: require('treesitter-context.config')
1928.744  001.965  001.193: require('treesitter-context')
1929.099  002.539  000.574: sourcing /home/ubuntu/.local/share/nvim/lazy/nvim-treesitter-context/plugin/treesitter-context.lua
1929.137  002.721  000.182: sourcing nvim_exec2() called at BufReadPost Autocommands for "*":0
1929.309  000.018  000.018: sourcing nvim_exec2() called at BufReadPost Autocommands for "*":0
1929.377  000.007  000.007: sourcing nvim_exec2() called at BufReadPost Autocommands for "*":0
1930.463  000.248  000.248: sourcing /home/ubuntu/.local/share/nvim/lazy/dropbar.nvim/plugin/dropbar.lua
1930.487  000.392  000.144: sourcing nvim_exec2() called at BufReadPost Autocommands for "*":0
1930.519  000.011  000.011: sourcing nvim_exec2() called at BufReadPost Autocommands for "*":0
1930.563  000.005  000.005: sourcing nvim_exec2() called at BufReadPost Autocommands for "*":0
1934.010  000.184  000.184: require('dropbar.utils')
1934.038  003.428  003.244: require('dropbar.api')
1934.453  000.320  000.320: require('dropbar.utils.menu')
1938.789  000.971  000.971: require('vim.filetype.detect')
1944.778  000.341  000.341: require('editorconfig')
1952.633  000.526  000.526: require('luasnip.loaders.from_lua')
1952.987  000.327  000.327: require('luasnip.loaders.from_snipmate')
1953.496  460.914: opening buffers
1953.755  000.260: BufEnter autocommands
1953.766  000.011: editing files in windows
1953.839  000.073: VimEnter autocommands
1954.980  001.141: UIEnter autocommands
1954.991  000.011: before starting main loop
1957.409  000.309  000.309: require('nvchad.stl.default')
1958.629  000.183  000.183: sourcing /home/ubuntu/.local/share/nvim/lazy/nvim-web-devicons/plugin/nvim-web-devicons.vim
1958.652  000.451  000.268: sourcing nvim_exec2()
1958.684  000.009  000.009: sourcing nvim_exec2()
1958.729  000.005  000.005: sourcing nvim_exec2()
1958.994  000.219  000.219: require('nvchad.icons.devicons')
1963.125  003.684  003.684: require('nvim-web-devicons.filetypes')
1964.912  000.767  000.767: require('nvim-web-devicons.default.icons_by_filename')
1966.191  001.256  001.256: require('nvim-web-devicons.default.icons_by_file_extension')
1966.611  000.406  000.406: require('nvim-web-devicons.default.icons_by_operating_system')
1966.892  000.266  000.266: require('nvim-web-devicons.default.icons_by_desktop_environment')
1967.294  000.388  000.388: require('nvim-web-devicons.default.icons_by_window_manager')
1967.310  004.087  001.006: require('nvim-web-devicons.icons-default')
1967.921  010.423  001.968: require('nvim-web-devicons')
1979.366  013.643: first screen update
1979.382  000.016: --- NVIM STARTED ---

